<?xml version="1.0" encoding="UTF-8"?>
<!-- Generated by org.testng.reporters.JUnitXMLReporter -->
<testsuite ignored="4" hostname="ApurvaNaik42" failures="1" tests="3" name="Command line test" time="13.737" errors="0" timestamp="2024-05-05T13:05:04 IST">
  <testcase classname="Tests.ErrorValidationTest" name="invalidLoginDetails" time="0.888"/>
  <testcase classname="Tests.ExtentReportDemoTest" name="launchApplication" time="2.839"/>
  <testcase classname="Tests.productCartTest" name="addProduct" time="5.187">
    <failure type="java.lang.NullPointerException">
      <![CDATA[java.lang.NullPointerException
at PageObjects.ProductListPage.addProductToCart(ProductListPage.java:40)
at Tests.productCartTest.addProduct(productCartTest.java:24)
at java.base/java.util.ArrayList.forEach(ArrayList.java:1541)
... Removed 37 stack frames]]>
    </failure>
  </testcase> <!-- addProduct -->
  <testcase classname="TestComponent.BaseTest" name="@BeforeTest launchApplication" time="0.0">
    <ignored/>
  </testcase> <!-- @BeforeTest launchApplication -->
  <testcase classname="TestComponent.BaseTest" name="@BeforeTest launchApplication" time="0.0">
    <ignored/>
  </testcase> <!-- @BeforeTest launchApplication -->
  <testcase classname="TestComponent.BaseTest" name="@AfterTest tearDown" time="0.0">
    <ignored/>
  </testcase> <!-- @AfterTest tearDown -->
  <testcase classname="TestComponent.BaseTest" name="@AfterTest tearDown" time="0.0">
    <ignored/>
  </testcase> <!-- @AfterTest tearDown -->
</testsuite> <!-- Command line test -->
